# JRE version: Java(TM) SE Runtime Environment (15.0.1+9) (build 15.0.1+9-18)
# Java VM: Java HotSpot(TM) 64-Bit Server VM (15.0.1+9-18, mixed mode, sharing, tiered, compressed oops, g1 gc, windows-amd64)
GC Precious Log:
 CPUs: 8 total, 8 available
 Memory: 7939M
 Large Page Support: Disabled
 NUMA Support: Disabled
 Compressed Oops: Enabled (Zero based)
 Heap Region Size: 2M
 Heap Min Capacity: 8M
 Heap Initial Capacity: 126M
 Heap Max Capacity: 4G
 Pre-touch: Disabled
 Parallel Workers: 8
 Concurrent Workers: 2
 Concurrent Refinement Workers: 8
 Periodic GC: Disabled
Heap:
 garbage-first heap   total 1634304K, used 671744K [0x0000000700000000, 0x0000000800000000)
  region size 2048K, 7 young (14336K), 7 survivors (14336K)
 Metaspace       used 6076K, capacity 6392K, committed 6656K, reserved 1056768K
  class space    used 622K, capacity 709K, committed 768K, reserved 1048576K
GC Heap History (20 events):
Event: 2.220 GC heap after
{Heap after GC invocations=8 (full 0):
 garbage-first heap   total 223232K, used 106326K [0x0000000700000000, 0x0000000800000000)
  region size 2048K, 4 young (8192K), 4 survivors (8192K)
 Metaspace       used 3830K, capacity 5977K, committed 6272K, reserved 1056768K
  class space    used 380K, capacity 589K, committed 640K, reserved 1048576K
}
Event: 2.574 GC heap before
{Heap before GC invocations=9 (full 0):
 garbage-first heap   total 223232K, used 165718K [0x0000000700000000, 0x0000000800000000)
  region size 2048K, 25 young (51200K), 4 survivors (8192K)
 Metaspace       used 3830K, capacity 5977K, committed 6272K, reserved 1056768K
  class space    used 380K, capacity 589K, committed 640K, reserved 1048576K
}
Event: 2.601 GC heap after
{Heap after GC invocations=10 (full 0):
 garbage-first heap   total 223232K, used 137074K [0x0000000700000000, 0x0000000800000000)
  region size 2048K, 4 young (8192K), 4 survivors (8192K)
 Metaspace       used 3830K, capacity 5977K, committed 6272K, reserved 1056768K
  class space    used 380K, capacity 589K, committed 640K, reserved 1048576K
}
Event: 2.882 GC heap before
{Heap before GC invocations=10 (full 0):
 garbage-first heap   total 223232K, used 169842K [0x0000000700000000, 0x0000000800000000)
  region size 2048K, 20 young (40960K), 4 survivors (8192K)
 Metaspace       used 3830K, capacity 5977K, committed 6272K, reserved 1056768K
  class space    used 380K, capacity 589K, committed 640K, reserved 1048576K
}
Event: 2.903 GC heap after
{Heap after GC invocations=11 (full 0):
 garbage-first heap   total 389120K, used 151086K [0x0000000700000000, 0x0000000800000000)
  region size 2048K, 3 young (6144K), 3 survivors (6144K)
 Metaspace       used 3830K, capacity 5977K, committed 6272K, reserved 1056768K
  class space    used 380K, capacity 589K, committed 640K, reserved 1048576K
}
Event: 3.111 GC heap before
{Heap before GC invocations=12 (full 0):
 garbage-first heap   total 389120K, used 161326K [0x0000000700000000, 0x0000000800000000)
  region size 2048K, 15 young (30720K), 3 survivors (6144K)
 Metaspace       used 3830K, capacity 5977K, committed 6272K, reserved 1056768K
  class space    used 380K, capacity 589K, committed 640K, reserved 1048576K
}
Event: 3.126 GC heap after
{Heap after GC invocations=13 (full 0):
 garbage-first heap   total 389120K, used 148144K [0x0000000700000000, 0x0000000800000000)
  region size 2048K, 7 young (14336K), 7 survivors (14336K)
 Metaspace       used 3830K, capacity 5977K, committed 6272K, reserved 1056768K
  class space    used 380K, capacity 589K, committed 640K, reserved 1048576K
}
Event: 3.833 GC heap before
{Heap before GC invocations=14 (full 0):
 garbage-first heap   total 471040K, used 283312K [0x0000000700000000, 0x0000000800000000)
  region size 2048K, 9 young (18432K), 7 survivors (14336K)
 Metaspace       used 5982K, capacity 6290K, committed 6400K, reserved 1056768K
  class space    used 616K, capacity 676K, committed 768K, reserved 1048576K
}
Event: 3.845 GC heap after
{Heap after GC invocations=15 (full 0):
 garbage-first heap   total 471040K, used 283305K [0x0000000700000000, 0x0000000800000000)
  region size 2048K, 5 young (10240K), 5 survivors (10240K)
 Metaspace       used 5982K, capacity 6290K, committed 6400K, reserved 1056768K
  class space    used 616K, capacity 676K, committed 768K, reserved 1048576K
}
Event: 4.353 GC heap before
{Heap before GC invocations=16 (full 0):
 garbage-first heap   total 516096K, used 330409K [0x0000000700000000, 0x0000000800000000)
  region size 2048K, 21 young (43008K), 5 survivors (10240K)
 Metaspace       used 6067K, capacity 6392K, committed 6656K, reserved 1056768K
  class space    used 622K, capacity 709K, committed 768K, reserved 1048576K
}
Event: 4.383 GC heap after
{Heap after GC invocations=17 (full 0):
 garbage-first heap   total 516096K, used 316345K [0x0000000700000000, 0x0000000800000000)
  region size 2048K, 6 young (12288K), 6 survivors (12288K)
 Metaspace       used 6067K, capacity 6392K, committed 6656K, reserved 1056768K
  class space    used 622K, capacity 709K, committed 768K, reserved 1048576K
}
Event: 5.304 GC heap before
{Heap before GC invocations=18 (full 0):
 garbage-first heap   total 516096K, used 318393K [0x0000000700000000, 0x0000000800000000)
  region size 2048K, 20 young (40960K), 6 survivors (12288K)
 Metaspace       used 6067K, capacity 6392K, committed 6656K, reserved 1056768K
  class space    used 622K, capacity 709K, committed 768K, reserved 1048576K
}
Event: 5.339 GC heap after
{Heap after GC invocations=19 (full 0):
 garbage-first heap   total 794624K, used 307200K [0x0000000700000000, 0x0000000800000000)
  region size 2048K, 6 young (12288K), 6 survivors (12288K)
 Metaspace       used 6067K, capacity 6392K, committed 6656K, reserved 1056768K
  class space    used 622K, capacity 709K, committed 768K, reserved 1048576K
}
Event: 7.244 GC heap before
{Heap before GC invocations=20 (full 0):
 garbage-first heap   total 794624K, used 561152K [0x0000000700000000, 0x0000000800000000)
  region size 2048K, 105 young (215040K), 6 survivors (12288K)
 Metaspace       used 6068K, capacity 6392K, committed 6656K, reserved 1056768K
  class space    used 622K, capacity 709K, committed 768K, reserved 1048576K
}
Event: 7.406 GC heap after
{Heap after GC invocations=21 (full 0):
 garbage-first heap   total 794624K, used 477168K [0x0000000700000000, 0x0000000800000000)
  region size 2048K, 14 young (28672K), 14 survivors (28672K)
 Metaspace       used 6068K, capacity 6392K, committed 6656K, reserved 1056768K
  class space    used 622K, capacity 709K, committed 768K, reserved 1048576K
}
Event: 7.966 GC heap before
{Heap before GC invocations=21 (full 0):
 garbage-first heap   total 794624K, used 569328K [0x0000000700000000, 0x0000000800000000)
  region size 2048K, 59 young (120832K), 14 survivors (28672K)
 Metaspace       used 6070K, capacity 6392K, committed 6656K, reserved 1056768K
  class space    used 622K, capacity 709K, committed 768K, reserved 1048576K
}
Event: 8.054 GC heap after
{Heap after GC invocations=22 (full 0):
 garbage-first heap   total 794624K, used 536576K [0x0000000700000000, 0x0000000800000000)
  region size 2048K, 8 young (16384K), 8 survivors (16384K)
 Metaspace       used 6070K, capacity 6392K, committed 6656K, reserved 1056768K
  class space    used 622K, capacity 709K, committed 768K, reserved 1048576K
}
Event: 9.009 GC heap before
{Heap before GC invocations=22 (full 0):
 garbage-first heap   total 960512K, used 638976K [0x0000000700000000, 0x0000000800000000)
  region size 2048K, 43 young (88064K), 8 survivors (16384K)
 Metaspace       used 6073K, capacity 6392K, committed 6656K, reserved 1056768K
  class space    used 622K, capacity 709K, committed 768K, reserved 1048576K
}
Event: 9.108 GC heap after
{Heap after GC invocations=23 (full 0):
 garbage-first heap   total 960512K, used 609280K [0x0000000700000000, 0x0000000800000000)
  region size 2048K, 6 young (12288K), 6 survivors (12288K)
 Metaspace       used 6073K, capacity 6392K, committed 6656K, reserved 1056768K
  class space    used 622K, capacity 709K, committed 768K, reserved 1048576K
}
Event: 9.831 GC heap before
{Heap before GC invocations=24 (full 0):
 garbage-first heap   total 960512K, used 705536K [0x0000000700000000, 0x0000000800000000)
  region size 2048K, 53 young (108544K), 6 survivors (12288K)
 Metaspace       used 6076K, capacity 6392K, committed 6656K, reserved 1056768K
  class space    used 622K, capacity 709K, committed 768K, reserved 1048576K
}

